{
  "stats": {
    "suites": 1,
    "tests": 1,
    "passes": 1,
    "pending": 0,
    "failures": 0,
    "start": "2023-11-22T08:15:44.505Z",
    "end": "2023-11-22T08:15:49.548Z",
    "duration": 5043,
    "testsRegistered": 1,
    "passPercent": 100,
    "pendingPercent": 0,
    "other": 0,
    "hasOther": false,
    "skipped": 0,
    "hasSkipped": false
  },
  "results": [
    {
      "uuid": "9d59134f-c105-4656-9536-4f9787ed5eda",
      "title": "",
      "fullFile": "cypress\\e2e\\02_get_program_details.cy.js",
      "file": "cypress\\e2e\\02_get_program_details.cy.js",
      "beforeHooks": [],
      "afterHooks": [],
      "tests": [],
      "suites": [
        {
          "uuid": "2dc95076-8222-4ee6-aa7d-69f56a1b4169",
          "title": "Program Details",
          "fullFile": "",
          "file": "",
          "beforeHooks": [],
          "afterHooks": [],
          "tests": [
            {
              "title": "GET /Get Single Program Details",
              "fullTitle": "Program Details GET /Get Single Program Details",
              "timedOut": null,
              "duration": 4976,
              "state": "passed",
              "speed": "fast",
              "pass": true,
              "fail": false,
              "pending": false,
              "context": null,
              "code": "const programDetailsEndpoint = '/api/v1/superadmin/get-program-details?company_id=87d258df-6883-4e2e-9110-f1eeb4add334&program_id=d19e2364-2e7c-426b-85f8-dfc8aac2c153';\ncy.request({\n  method: 'GET',\n  url: `${_defaults.baseURL}${programDetailsEndpoint}`,\n  headers: {\n    Authorization: `Bearer ${token}`\n  }\n}).then(response => {\n  cy.log('Access Token: ' + token);\n  cy.log('Status: ' + response.status);\n  cy.log('Message: ' + response.body.message);\n  expect(response.status).to.equal(200);\n  expect(response.body.data.company_id).to.equal('87d258df-6883-4e2e-9110-f1eeb4add334');\n  cy.log('Response Body:', JSON.stringify(response.body, null, 2));\n});",
              "err": {},
              "uuid": "f743f015-70aa-4c3c-9788-734a0636ef05",
              "parentUUID": "2dc95076-8222-4ee6-aa7d-69f56a1b4169",
              "isHook": false,
              "skipped": false
            }
          ],
          "suites": [],
          "passes": [
            "f743f015-70aa-4c3c-9788-734a0636ef05"
          ],
          "failures": [],
          "pending": [],
          "skipped": [],
          "duration": 4976,
          "root": false,
          "rootEmpty": false,
          "_timeout": 2000
        }
      ],
      "passes": [],
      "failures": [],
      "pending": [],
      "skipped": [],
      "duration": 0,
      "root": true,
      "rootEmpty": true,
      "_timeout": 2000
    }
  ],
  "meta": {
    "mocha": {
      "version": "7.0.1"
    },
    "mochawesome": {
      "options": {
        "quiet": false,
        "reportFilename": "mochawesome",
        "saveHtml": true,
        "saveJson": true,
        "consoleReporter": "spec",
        "useInlineDiffs": false,
        "code": true
      },
      "version": "7.1.3"
    },
    "marge": {
      "options": {
        "reportDir": "mochareports",
        "overwrite": false,
        "html": true,
        "json": true
      },
      "version": "6.2.0"
    }
  }
}