{
  "stats": {
    "suites": 1,
    "tests": 1,
    "passes": 1,
    "pending": 0,
    "failures": 0,
    "start": "2023-11-22T08:15:54.371Z",
    "end": "2023-11-22T08:15:57.173Z",
    "duration": 2802,
    "testsRegistered": 1,
    "passPercent": 100,
    "pendingPercent": 0,
    "other": 0,
    "hasOther": false,
    "skipped": 0,
    "hasSkipped": false
  },
  "results": [
    {
      "uuid": "2c71b832-d304-4d54-b42f-87046676c7e5",
      "title": "",
      "fullFile": "cypress\\e2e\\04_update_super_admin_profile.cy.js",
      "file": "cypress\\e2e\\04_update_super_admin_profile.cy.js",
      "beforeHooks": [],
      "afterHooks": [],
      "tests": [],
      "suites": [
        {
          "uuid": "819c220c-a139-401d-8166-5cd3cc875d10",
          "title": "Update Super Admin Profile =>",
          "fullFile": "",
          "file": "",
          "beforeHooks": [],
          "afterHooks": [],
          "tests": [
            {
              "title": "POST /update super-admin profile",
              "fullTitle": "Update Super Admin Profile => POST /update super-admin profile",
              "timedOut": null,
              "duration": 2662,
              "state": "passed",
              "speed": "fast",
              "pass": true,
              "fail": false,
              "pending": false,
              "context": null,
              "code": "const updateAdminProfilePath = '/api/v1/superadmin/add-profile';\nconst superAdminUpdate = {\n  profile_pic: 'image-1689240509992.png',\n  twofa: 0,\n  user_name: 'Dinesh Borudiya',\n  email: 'hemant.5exceptions@gmail.com',\n  password: null,\n  lang: 1\n};\ncy.request({\n  method: 'POST',\n  url: `${_defaults.baseURL}${updateAdminProfilePath}`,\n  body: superAdminUpdate,\n  headers: {\n    Authorization: `Bearer ${token}`\n  }\n}).then(response => {\n  // Log status and message\n  cy.log('Status: ' + response.status);\n  cy.log('Message: ' + response.body.message);\n  cy.log('Assertion Passed: Name matches / Updated');\n  // Log response body\n  cy.log('Response Body:', JSON.stringify(response.body, null, 2));\n});",
              "err": {},
              "uuid": "62312ffb-a886-4eb8-a13d-4decf0819514",
              "parentUUID": "819c220c-a139-401d-8166-5cd3cc875d10",
              "isHook": false,
              "skipped": false
            }
          ],
          "suites": [],
          "passes": [
            "62312ffb-a886-4eb8-a13d-4decf0819514"
          ],
          "failures": [],
          "pending": [],
          "skipped": [],
          "duration": 2662,
          "root": false,
          "rootEmpty": false,
          "_timeout": 2000
        }
      ],
      "passes": [],
      "failures": [],
      "pending": [],
      "skipped": [],
      "duration": 0,
      "root": true,
      "rootEmpty": true,
      "_timeout": 2000
    }
  ],
  "meta": {
    "mocha": {
      "version": "7.0.1"
    },
    "mochawesome": {
      "options": {
        "quiet": false,
        "reportFilename": "mochawesome",
        "saveHtml": true,
        "saveJson": true,
        "consoleReporter": "spec",
        "useInlineDiffs": false,
        "code": true
      },
      "version": "7.1.3"
    },
    "marge": {
      "options": {
        "reportDir": "mochareports",
        "overwrite": false,
        "html": true,
        "json": true
      },
      "version": "6.2.0"
    }
  }
}